<?xml version="1.0" encoding="UTF-8"?>
<!-- Generated by org.testng.reporters.JUnitReportReporter -->
<testsuite hostname="DESKTOP-TFUBFDT" failures="0" tests="1" name="SeleniumHomeWork.VerirfypfDemo" time="3.506" errors="0" timestamp="2024-01-21T13:18:34 CST" skipped="0">
  <testcase classname="SeleniumHomeWork.VerirfypfDemo" name="Login" time="3.506"/>
  <system-out/>
</testsuite> <!-- SeleniumHomeWork.VerirfypfDemo -->
