<?xml version="1.0" encoding="UTF-8"?>
<!-- Generated by org.testng.reporters.JUnitReportReporter -->
<testsuite hostname="DESKTOP-TFUBFDT" failures="0" tests="1" name="SampleWebServices.ResreqApp" time="1.728" errors="0" timestamp="2024-01-09T17:06:32 CST" skipped="0">
  <testcase classname="SampleWebServices.ResreqApp" name="getusers" time="1.728"/>
  <system-out/>
</testsuite> <!-- SampleWebServices.ResreqApp -->
