<?xml version="1.0" encoding="UTF-8"?>
<!-- Generated by org.testng.reporters.JUnitReportReporter -->
<testsuite hostname="DESKTOP-TFUBFDT" failures="0" tests="1" name="TestCaseFB.FBDemoTestCase" time="2.733" errors="0" timestamp="2023-12-28T15:45:17 CST" skipped="0">
  <testcase classname="TestCaseFB.FBDemoTestCase" name="launchtc" time="2.733"/>
  <system-out/>
</testsuite> <!-- TestCaseFB.FBDemoTestCase -->
