<?xml version="1.0" encoding="UTF-8"?>
<!-- Generated by org.testng.reporters.JUnitReportReporter -->
<testsuite hostname="DESKTOP-TFUBFDT" failures="0" tests="2" name="TestNgPractice.DependsonGroups" time="0.030" errors="0" timestamp="2024-01-31T17:26:33 CST" skipped="0">
  <testcase classname="TestNgPractice.DependsonGroups" name="TC2" time="0.027"/>
  <system-out/>
  <testcase classname="TestNgPractice.DependsonGroups" name="TC1" time="0.003"/>
  <system-out/>
</testsuite> <!-- TestNgPractice.DependsonGroups -->
