<?xml version="1.0" encoding="UTF-8"?>
<!-- Generated by org.testng.reporters.JUnitReportReporter -->
<testsuite hostname="DESKTOP-TFUBFDT" failures="0" tests="2" name="CovidCheck.Covid" time="2.363" errors="0" timestamp="2024-01-09T16:33:41 CST" skipped="0">
  <testcase classname="CovidCheck.Covid" name="GetStatistics" time="0.709"/>
  <system-out/>
  <testcase classname="CovidCheck.Covid" name="GetCountries" time="1.654"/>
  <system-out/>
</testsuite> <!-- CovidCheck.Covid -->
