<?xml version="1.0" encoding="UTF-8"?>
<!-- Generated by org.testng.reporters.JUnitReportReporter -->
<testsuite hostname="DESKTOP-TFUBFDT" failures="0" tests="1" name="SampleWebServices.Covid" time="2.134" errors="0" timestamp="2024-01-09T17:05:23 CST" skipped="0">
  <testcase classname="SampleWebServices.Covid" name="GetStatistics" time="2.134"/>
  <system-out/>
</testsuite> <!-- SampleWebServices.Covid -->
