<?xml version="1.0" encoding="UTF-8"?>
<!-- Generated by org.testng.reporters.JUnitReportReporter -->
<testsuite hostname="DESKTOP-TFUBFDT" failures="0" tests="6" name="TestNgPractice.DataProviderPractice" time="0.027" errors="0" timestamp="2024-01-31T16:52:56 CST" skipped="0">
  <testcase classname="TestNgPractice.DataProviderPractice" name="login" time="0.002"/>
  <system-out/>
  <testcase classname="TestNgPractice.DataProviderPractice" name="login" time="0.018"/>
  <system-out/>
  <testcase classname="TestNgPractice.DataProviderPractice" name="login" time="0.002"/>
  <system-out/>
  <testcase classname="TestNgPractice.DataProviderPractice" name="login1" time="0.001"/>
  <system-out/>
  <testcase classname="TestNgPractice.DataProviderPractice" name="login1" time="0.001"/>
  <system-out/>
  <testcase classname="TestNgPractice.DataProviderPractice" name="login1" time="0.003"/>
  <system-out/>
</testsuite> <!-- TestNgPractice.DataProviderPractice -->
