<?xml version="1.0" encoding="UTF-8"?>
<!-- Generated by org.testng.reporters.JUnitReportReporter -->
<testsuite hostname="DESKTOP-TFUBFDT" failures="0" tests="1" name="TestNgPractice.ParameterizedTestPractice" time="0.016" errors="0" timestamp="2024-01-31T12:46:06 CST" skipped="0">
  <testcase classname="TestNgPractice.ParameterizedTestPractice" name="Launch" time="0.016"/>
  <system-out/>
</testsuite> <!-- TestNgPractice.ParameterizedTestPractice -->
